c:\users\ajasa\source\repos\sem4_assignment03_comp\debug\vc142.pdb
c:\users\ajasa\source\repos\sem4_assignment03_comp\debug\vc142.idb
c:\users\ajasa\source\repos\sem4_assignment03_comp\debug\testparser.obj
c:\users\ajasa\source\repos\sem4_assignment03_comp\debug\parser.obj
c:\users\ajasa\source\repos\sem4_assignment03_comp\debug\scanner.obj
c:\users\ajasa\source\repos\sem4_assignment03_comp\debug\buffer.obj
c:\users\ajasa\source\repos\sem4_assignment03_comp\debug\sem4_assignment03_comp.exe
c:\users\ajasa\source\repos\sem4_assignment03_comp\debug\sem4_assignment03_comp.ilk
c:\users\ajasa\source\repos\sem4_assignment03_comp\debug\sem4_assignment03_comp.pdb
c:\users\ajasa\source\repos\sem4_assignment03_comp\debug\sem4_ass.1e7afb33.tlog\cl.command.1.tlog
c:\users\ajasa\source\repos\sem4_assignment03_comp\debug\sem4_ass.1e7afb33.tlog\cl.read.1.tlog
c:\users\ajasa\source\repos\sem4_assignment03_comp\debug\sem4_ass.1e7afb33.tlog\cl.write.1.tlog
c:\users\ajasa\source\repos\sem4_assignment03_comp\debug\sem4_ass.1e7afb33.tlog\link-cvtres.read.1.tlog
c:\users\ajasa\source\repos\sem4_assignment03_comp\debug\sem4_ass.1e7afb33.tlog\link-cvtres.write.1.tlog
c:\users\ajasa\source\repos\sem4_assignment03_comp\debug\sem4_ass.1e7afb33.tlog\link-rc.read.1.tlog
c:\users\ajasa\source\repos\sem4_assignment03_comp\debug\sem4_ass.1e7afb33.tlog\link-rc.write.1.tlog
c:\users\ajasa\source\repos\sem4_assignment03_comp\debug\sem4_ass.1e7afb33.tlog\link.3912-cvtres.read.1.tlog
c:\users\ajasa\source\repos\sem4_assignment03_comp\debug\sem4_ass.1e7afb33.tlog\link.3912-cvtres.write.1.tlog
c:\users\ajasa\source\repos\sem4_assignment03_comp\debug\sem4_ass.1e7afb33.tlog\link.3912-rc.read.1.tlog
c:\users\ajasa\source\repos\sem4_assignment03_comp\debug\sem4_ass.1e7afb33.tlog\link.3912-rc.write.1.tlog
c:\users\ajasa\source\repos\sem4_assignment03_comp\debug\sem4_ass.1e7afb33.tlog\link.3912.read.1.tlog
c:\users\ajasa\source\repos\sem4_assignment03_comp\debug\sem4_ass.1e7afb33.tlog\link.3912.write.1.tlog
c:\users\ajasa\source\repos\sem4_assignment03_comp\debug\sem4_ass.1e7afb33.tlog\link.command.1.tlog
c:\users\ajasa\source\repos\sem4_assignment03_comp\debug\sem4_ass.1e7afb33.tlog\link.read.1.tlog
c:\users\ajasa\source\repos\sem4_assignment03_comp\debug\sem4_ass.1e7afb33.tlog\link.write.1.tlog
